<?xml version="1.0" encoding="UTF-8"?>
<testsuite xmlns:xsi="http://www.w3.org/2001/XMLSchema-instance" xsi:noNamespaceSchemaLocation="https://maven.apache.org/surefire/maven-surefire-plugin/xsd/surefire-test-report.xsd" name="com.mohism.pudding.AppTest" time="0.078" tests="1" errors="0" skipped="0" failures="0">
  <properties>
    <property name="sun.desktop" value="windows"/>
    <property name="awt.toolkit" value="sun.awt.windows.WToolkit"/>
    <property name="file.encoding.pkg" value="sun.io"/>
    <property name="java.specification.version" value="1.8"/>
    <property name="sun.cpu.isalist" value="amd64"/>
    <property name="sun.jnu.encoding" value="GBK"/>
    <property name="java.class.path" value="H:\devHyc\workspace\pudding-system\pudding-system-web\target\test-classes;H:\devHyc\workspace\pudding-system\pudding-system-web\target\classes;H:\devHyc\workspace\pudding-system\pudding-system-interface\target\pudding-system-interface.jar;H:\devHyc\mvnRepository\com\mohism\pudding\kernel-model\0.0.1\kernel-model-0.0.1.jar;H:\devHyc\mvnRepository\com\mohism\pudding\kernel-actuator\0.0.1\kernel-actuator-0.0.1.jar;H:\devHyc\mvnRepository\de\codecentric\spring-boot-admin-starter-client\2.1.1\spring-boot-admin-starter-client-2.1.1.jar;H:\devHyc\mvnRepository\de\codecentric\spring-boot-admin-client\2.1.1\spring-boot-admin-client-2.1.1.jar;H:\devHyc\mvnRepository\org\springframework\boot\spring-boot-starter-actuator\2.1.4.RELEASE\spring-boot-starter-actuator-2.1.4.RELEASE.jar;H:\devHyc\mvnRepository\org\springframework\boot\spring-boot-actuator-autoconfigure\2.1.4.RELEASE\spring-boot-actuator-autoconfigure-2.1.4.RELEASE.jar;H:\devHyc\mvnRepository\org\springframework\boot\spring-boot-actuator\2.1.4.RELEASE\spring-boot-actuator-2.1.4.RELEASE.jar;H:\devHyc\mvnRepository\io\micrometer\micrometer-core\1.1.4\micrometer-core-1.1.4.jar;H:\devHyc\mvnRepository\org\latencyutils\LatencyUtils\2.0.3\LatencyUtils-2.0.3.jar;H:\devHyc\mvnRepository\org\jolokia\jolokia-core\1.6.0\jolokia-core-1.6.0.jar;H:\devHyc\mvnRepository\com\googlecode\json-simple\json-simple\1.1.1\json-simple-1.1.1.jar;H:\devHyc\mvnRepository\com\google\code\findbugs\jsr305\3.0.2\jsr305-3.0.2.jar;H:\devHyc\mvnRepository\org\springframework\boot\spring-boot-starter-security\2.1.4.RELEASE\spring-boot-starter-security-2.1.4.RELEASE.jar;H:\devHyc\mvnRepository\org\springframework\spring-aop\5.1.6.RELEASE\spring-aop-5.1.6.RELEASE.jar;H:\devHyc\mvnRepository\org\springframework\security\spring-security-config\5.1.5.RELEASE\spring-security-config-5.1.5.RELEASE.jar;H:\devHyc\mvnRepository\org\springframework\security\spring-security-core\5.1.5.RELEASE\spring-security-core-5.1.5.RELEASE.jar;H:\devHyc\mvnRepository\org\springframework\security\spring-security-web\5.1.5.RELEASE\spring-security-web-5.1.5.RELEASE.jar;H:\devHyc\mvnRepository\com\mohism\pudding\kernel-core\0.0.1\kernel-core-0.0.1.jar;H:\devHyc\mvnRepository\cn\hutool\hutool-core\4.4.0\hutool-core-4.4.0.jar;H:\devHyc\mvnRepository\mysql\mysql-connector-java\8.0.15\mysql-connector-java-8.0.15.jar;H:\devHyc\mvnRepository\com\baomidou\mybatis-plus-boot-starter\3.1.0\mybatis-plus-boot-starter-3.1.0.jar;H:\devHyc\mvnRepository\org\springframework\boot\spring-boot-autoconfigure\2.1.4.RELEASE\spring-boot-autoconfigure-2.1.4.RELEASE.jar;H:\devHyc\mvnRepository\com\baomidou\mybatis-plus\3.1.0\mybatis-plus-3.1.0.jar;H:\devHyc\mvnRepository\com\baomidou\mybatis-plus-extension\3.1.0\mybatis-plus-extension-3.1.0.jar;H:\devHyc\mvnRepository\com\baomidou\mybatis-plus-core\3.1.0\mybatis-plus-core-3.1.0.jar;H:\devHyc\mvnRepository\org\mybatis\mybatis\3.5.0\mybatis-3.5.0.jar;H:\devHyc\mvnRepository\com\github\jsqlparser\jsqlparser\1.4\jsqlparser-1.4.jar;H:\devHyc\mvnRepository\org\mybatis\mybatis-spring\2.0.0\mybatis-spring-2.0.0.jar;H:\devHyc\mvnRepository\org\springframework\boot\spring-boot-starter-jdbc\2.1.4.RELEASE\spring-boot-starter-jdbc-2.1.4.RELEASE.jar;H:\devHyc\mvnRepository\com\zaxxer\HikariCP\3.2.0\HikariCP-3.2.0.jar;H:\devHyc\mvnRepository\org\springframework\spring-jdbc\5.1.6.RELEASE\spring-jdbc-5.1.6.RELEASE.jar;H:\devHyc\mvnRepository\com\alibaba\druid\1.1.12\druid-1.1.12.jar;H:\devHyc\mvnRepository\com\alibaba\fastjson\1.2.56\fastjson-1.2.56.jar;H:\devHyc\mvnRepository\org\springframework\boot\spring-boot-starter-aop\2.1.4.RELEASE\spring-boot-starter-aop-2.1.4.RELEASE.jar;H:\devHyc\mvnRepository\org\aspectj\aspectjweaver\1.9.2\aspectjweaver-1.9.2.jar;H:\devHyc\mvnRepository\com\mohism\pudding\kernel-jwt\0.0.1\kernel-jwt-0.0.1.jar;H:\devHyc\mvnRepository\io\jsonwebtoken\jjwt\0.9.1\jjwt-0.9.1.jar;H:\devHyc\mvnRepository\com\mohism\pudding\kernel-scanner\0.0.1\kernel-scanner-0.0.1.jar;H:\devHyc\mvnRepository\com\mohism\pudding\kernel-validator\0.0.1\kernel-validator-0.0.1.jar;H:\devHyc\mvnRepository\cn\stylefeng\roses\kernel-model\1.2.2\kernel-model-1.2.2.jar;H:\devHyc\mvnRepository\org\springframework\boot\spring-boot-starter\2.1.4.RELEASE\spring-boot-starter-2.1.4.RELEASE.jar;H:\devHyc\mvnRepository\org\springframework\boot\spring-boot\2.1.4.RELEASE\spring-boot-2.1.4.RELEASE.jar;H:\devHyc\mvnRepository\org\springframework\boot\spring-boot-starter-logging\2.1.4.RELEASE\spring-boot-starter-logging-2.1.4.RELEASE.jar;H:\devHyc\mvnRepository\ch\qos\logback\logback-classic\1.2.3\logback-classic-1.2.3.jar;H:\devHyc\mvnRepository\ch\qos\logback\logback-core\1.2.3\logback-core-1.2.3.jar;H:\devHyc\mvnRepository\org\apache\logging\log4j\log4j-to-slf4j\2.11.2\log4j-to-slf4j-2.11.2.jar;H:\devHyc\mvnRepository\org\apache\logging\log4j\log4j-api\2.11.2\log4j-api-2.11.2.jar;H:\devHyc\mvnRepository\org\slf4j\jul-to-slf4j\1.7.26\jul-to-slf4j-1.7.26.jar;H:\devHyc\mvnRepository\javax\annotation\javax.annotation-api\1.3.2\javax.annotation-api-1.3.2.jar;H:\devHyc\mvnRepository\org\yaml\snakeyaml\1.23\snakeyaml-1.23.jar;H:\devHyc\mvnRepository\org\projectlombok\lombok\1.18.6\lombok-1.18.6.jar;H:\devHyc\mvnRepository\com\mohism\pudding\base-file-server\0.0.1\base-file-server-0.0.1.jar;H:\devHyc\mvnRepository\com\aliyun\oss\aliyun-sdk-oss\3.1.0\aliyun-sdk-oss-3.1.0.jar;H:\devHyc\mvnRepository\org\apache\httpcomponents\httpclient\4.5.8\httpclient-4.5.8.jar;H:\devHyc\mvnRepository\org\apache\httpcomponents\httpcore\4.4.11\httpcore-4.4.11.jar;H:\devHyc\mvnRepository\commons-codec\commons-codec\1.11\commons-codec-1.11.jar;H:\devHyc\mvnRepository\org\jdom\jdom\1.1\jdom-1.1.jar;H:\devHyc\mvnRepository\com\sun\jersey\jersey-json\1.9\jersey-json-1.9.jar;H:\devHyc\mvnRepository\com\sun\xml\bind\jaxb-impl\2.2.3-1\jaxb-impl-2.2.3-1.jar;H:\devHyc\mvnRepository\javax\xml\bind\jaxb-api\2.3.1\jaxb-api-2.3.1.jar;H:\devHyc\mvnRepository\javax\activation\javax.activation-api\1.2.0\javax.activation-api-1.2.0.jar;H:\devHyc\mvnRepository\org\codehaus\jackson\jackson-core-asl\1.8.3\jackson-core-asl-1.8.3.jar;H:\devHyc\mvnRepository\org\codehaus\jackson\jackson-mapper-asl\1.8.3\jackson-mapper-asl-1.8.3.jar;H:\devHyc\mvnRepository\org\codehaus\jackson\jackson-jaxrs\1.8.3\jackson-jaxrs-1.8.3.jar;H:\devHyc\mvnRepository\org\codehaus\jackson\jackson-xc\1.8.3\jackson-xc-1.8.3.jar;H:\devHyc\mvnRepository\com\aliyun\aliyun-java-sdk-core\3.4.0\aliyun-java-sdk-core-3.4.0.jar;H:\devHyc\mvnRepository\org\json\json\20170516\json-20170516.jar;H:\devHyc\mvnRepository\com\aliyun\aliyun-java-sdk-ram\3.0.0\aliyun-java-sdk-ram-3.0.0.jar;H:\devHyc\mvnRepository\com\aliyun\aliyun-java-sdk-sts\3.0.0\aliyun-java-sdk-sts-3.0.0.jar;H:\devHyc\mvnRepository\com\aliyun\aliyun-java-sdk-ecs\4.2.0\aliyun-java-sdk-ecs-4.2.0.jar;H:\devHyc\mvnRepository\com\mohism\pudding\base-dict-interface\0.0.1\base-dict-interface-0.0.1.jar;H:\devHyc\mvnRepository\com\mohism\pudding\base-file-interface\0.0.1\base-file-interface-0.0.1.jar;H:\devHyc\mvnRepository\com\baomidou\mybatis-plus-annotation\3.1.0\mybatis-plus-annotation-3.1.0.jar;H:\devHyc\mvnRepository\com\mohism\pudding\base-dict-server\0.0.1\base-dict-server-0.0.1.jar;H:\devHyc\mvnRepository\com\mohism\pudding\base-log-server\0.0.1\base-log-server-0.0.1.jar;H:\devHyc\mvnRepository\com\mohism\pudding\kernel-logger\0.0.1\kernel-logger-0.0.1.jar;H:\devHyc\mvnRepository\com\mohism\pudding\base-log-interface\0.0.1\base-log-interface-0.0.1.jar;H:\devHyc\mvnRepository\org\springframework\boot\spring-boot-starter-data-redis\2.1.4.RELEASE\spring-boot-starter-data-redis-2.1.4.RELEASE.jar;H:\devHyc\mvnRepository\org\springframework\data\spring-data-redis\2.1.6.RELEASE\spring-data-redis-2.1.6.RELEASE.jar;H:\devHyc\mvnRepository\org\springframework\data\spring-data-keyvalue\2.1.6.RELEASE\spring-data-keyvalue-2.1.6.RELEASE.jar;H:\devHyc\mvnRepository\org\springframework\data\spring-data-commons\2.1.6.RELEASE\spring-data-commons-2.1.6.RELEASE.jar;H:\devHyc\mvnRepository\org\springframework\spring-tx\5.1.6.RELEASE\spring-tx-5.1.6.RELEASE.jar;H:\devHyc\mvnRepository\org\springframework\spring-oxm\5.1.6.RELEASE\spring-oxm-5.1.6.RELEASE.jar;H:\devHyc\mvnRepository\org\springframework\spring-context-support\5.1.6.RELEASE\spring-context-support-5.1.6.RELEASE.jar;H:\devHyc\mvnRepository\org\slf4j\slf4j-api\1.7.26\slf4j-api-1.7.26.jar;H:\devHyc\mvnRepository\io\lettuce\lettuce-core\5.1.6.RELEASE\lettuce-core-5.1.6.RELEASE.jar;H:\devHyc\mvnRepository\io\netty\netty-common\4.1.34.Final\netty-common-4.1.34.Final.jar;H:\devHyc\mvnRepository\io\netty\netty-handler\4.1.34.Final\netty-handler-4.1.34.Final.jar;H:\devHyc\mvnRepository\io\netty\netty-buffer\4.1.34.Final\netty-buffer-4.1.34.Final.jar;H:\devHyc\mvnRepository\io\netty\netty-codec\4.1.34.Final\netty-codec-4.1.34.Final.jar;H:\devHyc\mvnRepository\io\netty\netty-transport\4.1.34.Final\netty-transport-4.1.34.Final.jar;H:\devHyc\mvnRepository\io\netty\netty-resolver\4.1.34.Final\netty-resolver-4.1.34.Final.jar;H:\devHyc\mvnRepository\io\projectreactor\reactor-core\3.2.8.RELEASE\reactor-core-3.2.8.RELEASE.jar;H:\devHyc\mvnRepository\org\springframework\boot\spring-boot-starter-web\2.1.4.RELEASE\spring-boot-starter-web-2.1.4.RELEASE.jar;H:\devHyc\mvnRepository\org\springframework\boot\spring-boot-starter-json\2.1.4.RELEASE\spring-boot-starter-json-2.1.4.RELEASE.jar;H:\devHyc\mvnRepository\com\fasterxml\jackson\datatype\jackson-datatype-jdk8\2.9.8\jackson-datatype-jdk8-2.9.8.jar;H:\devHyc\mvnRepository\com\fasterxml\jackson\datatype\jackson-datatype-jsr310\2.9.8\jackson-datatype-jsr310-2.9.8.jar;H:\devHyc\mvnRepository\com\fasterxml\jackson\module\jackson-module-parameter-names\2.9.8\jackson-module-parameter-names-2.9.8.jar;H:\devHyc\mvnRepository\org\springframework\boot\spring-boot-starter-tomcat\2.1.4.RELEASE\spring-boot-starter-tomcat-2.1.4.RELEASE.jar;H:\devHyc\mvnRepository\org\apache\tomcat\embed\tomcat-embed-core\9.0.17\tomcat-embed-core-9.0.17.jar;H:\devHyc\mvnRepository\org\apache\tomcat\embed\tomcat-embed-el\9.0.17\tomcat-embed-el-9.0.17.jar;H:\devHyc\mvnRepository\org\apache\tomcat\embed\tomcat-embed-websocket\9.0.17\tomcat-embed-websocket-9.0.17.jar;H:\devHyc\mvnRepository\org\hibernate\validator\hibernate-validator\6.0.16.Final\hibernate-validator-6.0.16.Final.jar;H:\devHyc\mvnRepository\javax\validation\validation-api\2.0.1.Final\validation-api-2.0.1.Final.jar;H:\devHyc\mvnRepository\org\jboss\logging\jboss-logging\3.3.2.Final\jboss-logging-3.3.2.Final.jar;H:\devHyc\mvnRepository\com\fasterxml\classmate\1.4.0\classmate-1.4.0.jar;H:\devHyc\mvnRepository\org\springframework\spring-web\5.1.6.RELEASE\spring-web-5.1.6.RELEASE.jar;H:\devHyc\mvnRepository\org\springframework\spring-beans\5.1.6.RELEASE\spring-beans-5.1.6.RELEASE.jar;H:\devHyc\mvnRepository\org\springframework\spring-webmvc\5.1.6.RELEASE\spring-webmvc-5.1.6.RELEASE.jar;H:\devHyc\mvnRepository\org\springframework\spring-context\5.1.6.RELEASE\spring-context-5.1.6.RELEASE.jar;H:\devHyc\mvnRepository\org\springframework\spring-expression\5.1.6.RELEASE\spring-expression-5.1.6.RELEASE.jar;H:\devHyc\mvnRepository\org\springframework\cloud\spring-cloud-starter-netflix-eureka-client\2.0.0.RELEASE\spring-cloud-starter-netflix-eureka-client-2.0.0.RELEASE.jar;H:\devHyc\mvnRepository\org\springframework\cloud\spring-cloud-starter\2.0.0.RELEASE\spring-cloud-starter-2.0.0.RELEASE.jar;H:\devHyc\mvnRepository\org\springframework\cloud\spring-cloud-context\2.0.0.RELEASE\spring-cloud-context-2.0.0.RELEASE.jar;H:\devHyc\mvnRepository\org\springframework\security\spring-security-rsa\1.0.5.RELEASE\spring-security-rsa-1.0.5.RELEASE.jar;H:\devHyc\mvnRepository\org\bouncycastle\bcpkix-jdk15on\1.56\bcpkix-jdk15on-1.56.jar;H:\devHyc\mvnRepository\org\bouncycastle\bcprov-jdk15on\1.56\bcprov-jdk15on-1.56.jar;H:\devHyc\mvnRepository\org\springframework\cloud\spring-cloud-netflix-core\2.0.0.RELEASE\spring-cloud-netflix-core-2.0.0.RELEASE.jar;H:\devHyc\mvnRepository\org\springframework\cloud\spring-cloud-netflix-eureka-client\2.0.0.RELEASE\spring-cloud-netflix-eureka-client-2.0.0.RELEASE.jar;H:\devHyc\mvnRepository\com\netflix\eureka\eureka-client\1.9.2\eureka-client-1.9.2.jar;H:\devHyc\mvnRepository\org\codehaus\jettison\jettison\1.3.7\jettison-1.3.7.jar;H:\devHyc\mvnRepository\stax\stax-api\1.0.1\stax-api-1.0.1.jar;H:\devHyc\mvnRepository\com\netflix\netflix-commons\netflix-eventbus\0.3.0\netflix-eventbus-0.3.0.jar;H:\devHyc\mvnRepository\com\netflix\netflix-commons\netflix-infix\0.3.0\netflix-infix-0.3.0.jar;H:\devHyc\mvnRepository\commons-jxpath\commons-jxpath\1.3\commons-jxpath-1.3.jar;H:\devHyc\mvnRepository\joda-time\joda-time\2.10.1\joda-time-2.10.1.jar;H:\devHyc\mvnRepository\org\antlr\antlr-runtime\3.4\antlr-runtime-3.4.jar;H:\devHyc\mvnRepository\org\antlr\stringtemplate\3.2.1\stringtemplate-3.2.1.jar;H:\devHyc\mvnRepository\antlr\antlr\2.7.7\antlr-2.7.7.jar;H:\devHyc\mvnRepository\com\google\code\gson\gson\2.8.5\gson-2.8.5.jar;H:\devHyc\mvnRepository\org\apache\commons\commons-math\2.2\commons-math-2.2.jar;H:\devHyc\mvnRepository\com\netflix\archaius\archaius-core\0.7.6\archaius-core-0.7.6.jar;H:\devHyc\mvnRepository\javax\ws\rs\jsr311-api\1.1.1\jsr311-api-1.1.1.jar;H:\devHyc\mvnRepository\com\netflix\servo\servo-core\0.12.21\servo-core-0.12.21.jar;H:\devHyc\mvnRepository\com\sun\jersey\jersey-core\1.19.1\jersey-core-1.19.1.jar;H:\devHyc\mvnRepository\com\sun\jersey\jersey-client\1.19.1\jersey-client-1.19.1.jar;H:\devHyc\mvnRepository\com\sun\jersey\contribs\jersey-apache-client4\1.19.1\jersey-apache-client4-1.19.1.jar;H:\devHyc\mvnRepository\com\google\inject\guice\4.1.0\guice-4.1.0.jar;H:\devHyc\mvnRepository\javax\inject\javax.inject\1\javax.inject-1.jar;H:\devHyc\mvnRepository\aopalliance\aopalliance\1.0\aopalliance-1.0.jar;H:\devHyc\mvnRepository\com\github\vlsi\compactmap\compactmap\1.2.1\compactmap-1.2.1.jar;H:\devHyc\mvnRepository\com\github\andrewoma\dexx\dexx-collections\0.2\dexx-collections-0.2.jar;H:\devHyc\mvnRepository\com\fasterxml\jackson\core\jackson-annotations\2.9.0\jackson-annotations-2.9.0.jar;H:\devHyc\mvnRepository\com\fasterxml\jackson\core\jackson-core\2.9.8\jackson-core-2.9.8.jar;H:\devHyc\mvnRepository\com\netflix\eureka\eureka-core\1.9.2\eureka-core-1.9.2.jar;H:\devHyc\mvnRepository\org\codehaus\woodstox\woodstox-core-asl\4.4.1\woodstox-core-asl-4.4.1.jar;H:\devHyc\mvnRepository\javax\xml\stream\stax-api\1.0-2\stax-api-1.0-2.jar;H:\devHyc\mvnRepository\org\codehaus\woodstox\stax2-api\3.1.4\stax2-api-3.1.4.jar;H:\devHyc\mvnRepository\org\springframework\cloud\spring-cloud-starter-netflix-archaius\2.0.0.RELEASE\spring-cloud-starter-netflix-archaius-2.0.0.RELEASE.jar;H:\devHyc\mvnRepository\org\springframework\cloud\spring-cloud-netflix-archaius\2.0.0.RELEASE\spring-cloud-netflix-archaius-2.0.0.RELEASE.jar;H:\devHyc\mvnRepository\commons-configuration\commons-configuration\1.8\commons-configuration-1.8.jar;H:\devHyc\mvnRepository\commons-lang\commons-lang\2.6\commons-lang-2.6.jar;H:\devHyc\mvnRepository\org\springframework\cloud\spring-cloud-starter-netflix-ribbon\2.0.0.RELEASE\spring-cloud-starter-netflix-ribbon-2.0.0.RELEASE.jar;H:\devHyc\mvnRepository\com\netflix\ribbon\ribbon\2.2.5\ribbon-2.2.5.jar;H:\devHyc\mvnRepository\com\netflix\ribbon\ribbon-transport\2.2.5\ribbon-transport-2.2.5.jar;H:\devHyc\mvnRepository\io\reactivex\rxnetty-contexts\0.4.9\rxnetty-contexts-0.4.9.jar;H:\devHyc\mvnRepository\io\reactivex\rxnetty-servo\0.4.9\rxnetty-servo-0.4.9.jar;H:\devHyc\mvnRepository\io\reactivex\rxnetty\0.4.9\rxnetty-0.4.9.jar;H:\devHyc\mvnRepository\io\netty\netty-codec-http\4.1.34.Final\netty-codec-http-4.1.34.Final.jar;H:\devHyc\mvnRepository\io\netty\netty-transport-native-epoll\4.1.34.Final\netty-transport-native-epoll-4.1.34.Final.jar;H:\devHyc\mvnRepository\io\netty\netty-transport-native-unix-common\4.1.34.Final\netty-transport-native-unix-common-4.1.34.Final.jar;H:\devHyc\mvnRepository\com\netflix\ribbon\ribbon-core\2.2.5\ribbon-core-2.2.5.jar;H:\devHyc\mvnRepository\com\netflix\ribbon\ribbon-httpclient\2.2.5\ribbon-httpclient-2.2.5.jar;H:\devHyc\mvnRepository\commons-collections\commons-collections\3.2.2\commons-collections-3.2.2.jar;H:\devHyc\mvnRepository\com\netflix\netflix-commons\netflix-commons-util\0.3.0\netflix-commons-util-0.3.0.jar;H:\devHyc\mvnRepository\com\netflix\ribbon\ribbon-loadbalancer\2.2.5\ribbon-loadbalancer-2.2.5.jar;H:\devHyc\mvnRepository\com\netflix\netflix-commons\netflix-statistics\0.1.1\netflix-statistics-0.1.1.jar;H:\devHyc\mvnRepository\io\reactivex\rxjava\1.3.8\rxjava-1.3.8.jar;H:\devHyc\mvnRepository\com\netflix\ribbon\ribbon-eureka\2.2.5\ribbon-eureka-2.2.5.jar;H:\devHyc\mvnRepository\com\thoughtworks\xstream\xstream\1.4.10\xstream-1.4.10.jar;H:\devHyc\mvnRepository\xmlpull\xmlpull\1.1.3.1\xmlpull-1.1.3.1.jar;H:\devHyc\mvnRepository\xpp3\xpp3_min\1.1.4c\xpp3_min-1.1.4c.jar;H:\devHyc\mvnRepository\org\springframework\cloud\spring-cloud-starter-openfeign\2.0.0.RELEASE\spring-cloud-starter-openfeign-2.0.0.RELEASE.jar;H:\devHyc\mvnRepository\org\springframework\cloud\spring-cloud-openfeign-core\2.0.0.RELEASE\spring-cloud-openfeign-core-2.0.0.RELEASE.jar;H:\devHyc\mvnRepository\org\springframework\cloud\spring-cloud-commons\2.0.0.RELEASE\spring-cloud-commons-2.0.0.RELEASE.jar;H:\devHyc\mvnRepository\org\springframework\security\spring-security-crypto\5.1.5.RELEASE\spring-security-crypto-5.1.5.RELEASE.jar;H:\devHyc\mvnRepository\io\github\openfeign\feign-core\9.5.1\feign-core-9.5.1.jar;H:\devHyc\mvnRepository\io\github\openfeign\feign-slf4j\9.5.1\feign-slf4j-9.5.1.jar;H:\devHyc\mvnRepository\io\github\openfeign\feign-hystrix\9.5.1\feign-hystrix-9.5.1.jar;H:\devHyc\mvnRepository\io\github\openfeign\feign-java8\9.5.1\feign-java8-9.5.1.jar;H:\devHyc\mvnRepository\org\springframework\cloud\spring-cloud-starter-netflix-hystrix\2.0.0.RELEASE\spring-cloud-starter-netflix-hystrix-2.0.0.RELEASE.jar;H:\devHyc\mvnRepository\org\springframework\cloud\spring-cloud-netflix-ribbon\2.0.0.RELEASE\spring-cloud-netflix-ribbon-2.0.0.RELEASE.jar;H:\devHyc\mvnRepository\com\netflix\hystrix\hystrix-core\1.5.12\hystrix-core-1.5.12.jar;H:\devHyc\mvnRepository\org\hdrhistogram\HdrHistogram\2.1.9\HdrHistogram-2.1.9.jar;H:\devHyc\mvnRepository\com\netflix\hystrix\hystrix-serialization\1.5.12\hystrix-serialization-1.5.12.jar;H:\devHyc\mvnRepository\com\fasterxml\jackson\module\jackson-module-afterburner\2.9.8\jackson-module-afterburner-2.9.8.jar;H:\devHyc\mvnRepository\com\netflix\hystrix\hystrix-metrics-event-stream\1.5.12\hystrix-metrics-event-stream-1.5.12.jar;H:\devHyc\mvnRepository\com\netflix\hystrix\hystrix-javanica\1.5.12\hystrix-javanica-1.5.12.jar;H:\devHyc\mvnRepository\org\apache\commons\commons-lang3\3.8.1\commons-lang3-3.8.1.jar;H:\devHyc\mvnRepository\org\ow2\asm\asm\5.0.4\asm-5.0.4.jar;H:\devHyc\mvnRepository\com\google\guava\guava\15.0\guava-15.0.jar;H:\devHyc\mvnRepository\io\reactivex\rxjava-reactive-streams\1.2.1\rxjava-reactive-streams-1.2.1.jar;H:\devHyc\mvnRepository\org\reactivestreams\reactive-streams\1.0.2\reactive-streams-1.0.2.jar;H:\devHyc\mvnRepository\org\springframework\cloud\spring-cloud-starter-config\2.0.0.RELEASE\spring-cloud-starter-config-2.0.0.RELEASE.jar;H:\devHyc\mvnRepository\org\springframework\cloud\spring-cloud-config-client\2.0.0.RELEASE\spring-cloud-config-client-2.0.0.RELEASE.jar;H:\devHyc\mvnRepository\com\fasterxml\jackson\core\jackson-databind\2.9.8\jackson-databind-2.9.8.jar;H:\devHyc\mvnRepository\org\springframework\boot\spring-boot-starter-test\2.1.4.RELEASE\spring-boot-starter-test-2.1.4.RELEASE.jar;H:\devHyc\mvnRepository\org\springframework\boot\spring-boot-test\2.1.4.RELEASE\spring-boot-test-2.1.4.RELEASE.jar;H:\devHyc\mvnRepository\org\springframework\boot\spring-boot-test-autoconfigure\2.1.4.RELEASE\spring-boot-test-autoconfigure-2.1.4.RELEASE.jar;H:\devHyc\mvnRepository\com\jayway\jsonpath\json-path\2.4.0\json-path-2.4.0.jar;H:\devHyc\mvnRepository\net\minidev\json-smart\2.3\json-smart-2.3.jar;H:\devHyc\mvnRepository\net\minidev\accessors-smart\1.2\accessors-smart-1.2.jar;H:\devHyc\mvnRepository\junit\junit\4.12\junit-4.12.jar;H:\devHyc\mvnRepository\org\assertj\assertj-core\3.11.1\assertj-core-3.11.1.jar;H:\devHyc\mvnRepository\org\mockito\mockito-core\2.23.4\mockito-core-2.23.4.jar;H:\devHyc\mvnRepository\net\bytebuddy\byte-buddy\1.9.12\byte-buddy-1.9.12.jar;H:\devHyc\mvnRepository\net\bytebuddy\byte-buddy-agent\1.9.12\byte-buddy-agent-1.9.12.jar;H:\devHyc\mvnRepository\org\objenesis\objenesis\2.6\objenesis-2.6.jar;H:\devHyc\mvnRepository\org\hamcrest\hamcrest-core\1.3\hamcrest-core-1.3.jar;H:\devHyc\mvnRepository\org\hamcrest\hamcrest-library\1.3\hamcrest-library-1.3.jar;H:\devHyc\mvnRepository\org\skyscreamer\jsonassert\1.5.0\jsonassert-1.5.0.jar;H:\devHyc\mvnRepository\com\vaadin\external\google\android-json\0.0.20131108.vaadin1\android-json-0.0.20131108.vaadin1.jar;H:\devHyc\mvnRepository\org\springframework\spring-core\5.1.6.RELEASE\spring-core-5.1.6.RELEASE.jar;H:\devHyc\mvnRepository\org\springframework\spring-jcl\5.1.6.RELEASE\spring-jcl-5.1.6.RELEASE.jar;H:\devHyc\mvnRepository\org\springframework\spring-test\5.1.6.RELEASE\spring-test-5.1.6.RELEASE.jar;H:\devHyc\mvnRepository\org\xmlunit\xmlunit-core\2.6.2\xmlunit-core-2.6.2.jar;"/>
    <property name="java.vm.vendor" value="Oracle Corporation"/>
    <property name="sun.arch.data.model" value="64"/>
    <property name="user.variant" value=""/>
    <property name="java.vendor.url" value="http://java.oracle.com/"/>
    <property name="user.timezone" value="Asia/Shanghai"/>
    <property name="java.vm.specification.version" value="1.8"/>
    <property name="os.name" value="Windows 10"/>
    <property name="user.country" value="CN"/>
    <property name="sun.java.launcher" value="SUN_STANDARD"/>
    <property name="sun.boot.library.path" value="D:\devHYC\JDK\jdk18\jre\bin"/>
    <property name="sun.java.command" value="C:\Users\Lenovo\AppData\Local\Temp\surefire3049758961911868848\surefirebooter3504968492874205129.jar C:\Users\Lenovo\AppData\Local\Temp\surefire3049758961911868848 2019-05-20T11-38-31_981-jvmRun1 surefire8006123507269366320tmp surefire_19068395251973572549tmp"/>
    <property name="surefire.test.class.path" value="H:\devHyc\workspace\pudding-system\pudding-system-web\target\test-classes;H:\devHyc\workspace\pudding-system\pudding-system-web\target\classes;H:\devHyc\workspace\pudding-system\pudding-system-interface\target\pudding-system-interface.jar;H:\devHyc\mvnRepository\com\mohism\pudding\kernel-model\0.0.1\kernel-model-0.0.1.jar;H:\devHyc\mvnRepository\com\mohism\pudding\kernel-actuator\0.0.1\kernel-actuator-0.0.1.jar;H:\devHyc\mvnRepository\de\codecentric\spring-boot-admin-starter-client\2.1.1\spring-boot-admin-starter-client-2.1.1.jar;H:\devHyc\mvnRepository\de\codecentric\spring-boot-admin-client\2.1.1\spring-boot-admin-client-2.1.1.jar;H:\devHyc\mvnRepository\org\springframework\boot\spring-boot-starter-actuator\2.1.4.RELEASE\spring-boot-starter-actuator-2.1.4.RELEASE.jar;H:\devHyc\mvnRepository\org\springframework\boot\spring-boot-actuator-autoconfigure\2.1.4.RELEASE\spring-boot-actuator-autoconfigure-2.1.4.RELEASE.jar;H:\devHyc\mvnRepository\org\springframework\boot\spring-boot-actuator\2.1.4.RELEASE\spring-boot-actuator-2.1.4.RELEASE.jar;H:\devHyc\mvnRepository\io\micrometer\micrometer-core\1.1.4\micrometer-core-1.1.4.jar;H:\devHyc\mvnRepository\org\latencyutils\LatencyUtils\2.0.3\LatencyUtils-2.0.3.jar;H:\devHyc\mvnRepository\org\jolokia\jolokia-core\1.6.0\jolokia-core-1.6.0.jar;H:\devHyc\mvnRepository\com\googlecode\json-simple\json-simple\1.1.1\json-simple-1.1.1.jar;H:\devHyc\mvnRepository\com\google\code\findbugs\jsr305\3.0.2\jsr305-3.0.2.jar;H:\devHyc\mvnRepository\org\springframework\boot\spring-boot-starter-security\2.1.4.RELEASE\spring-boot-starter-security-2.1.4.RELEASE.jar;H:\devHyc\mvnRepository\org\springframework\spring-aop\5.1.6.RELEASE\spring-aop-5.1.6.RELEASE.jar;H:\devHyc\mvnRepository\org\springframework\security\spring-security-config\5.1.5.RELEASE\spring-security-config-5.1.5.RELEASE.jar;H:\devHyc\mvnRepository\org\springframework\security\spring-security-core\5.1.5.RELEASE\spring-security-core-5.1.5.RELEASE.jar;H:\devHyc\mvnRepository\org\springframework\security\spring-security-web\5.1.5.RELEASE\spring-security-web-5.1.5.RELEASE.jar;H:\devHyc\mvnRepository\com\mohism\pudding\kernel-core\0.0.1\kernel-core-0.0.1.jar;H:\devHyc\mvnRepository\cn\hutool\hutool-core\4.4.0\hutool-core-4.4.0.jar;H:\devHyc\mvnRepository\mysql\mysql-connector-java\8.0.15\mysql-connector-java-8.0.15.jar;H:\devHyc\mvnRepository\com\baomidou\mybatis-plus-boot-starter\3.1.0\mybatis-plus-boot-starter-3.1.0.jar;H:\devHyc\mvnRepository\org\springframework\boot\spring-boot-autoconfigure\2.1.4.RELEASE\spring-boot-autoconfigure-2.1.4.RELEASE.jar;H:\devHyc\mvnRepository\com\baomidou\mybatis-plus\3.1.0\mybatis-plus-3.1.0.jar;H:\devHyc\mvnRepository\com\baomidou\mybatis-plus-extension\3.1.0\mybatis-plus-extension-3.1.0.jar;H:\devHyc\mvnRepository\com\baomidou\mybatis-plus-core\3.1.0\mybatis-plus-core-3.1.0.jar;H:\devHyc\mvnRepository\org\mybatis\mybatis\3.5.0\mybatis-3.5.0.jar;H:\devHyc\mvnRepository\com\github\jsqlparser\jsqlparser\1.4\jsqlparser-1.4.jar;H:\devHyc\mvnRepository\org\mybatis\mybatis-spring\2.0.0\mybatis-spring-2.0.0.jar;H:\devHyc\mvnRepository\org\springframework\boot\spring-boot-starter-jdbc\2.1.4.RELEASE\spring-boot-starter-jdbc-2.1.4.RELEASE.jar;H:\devHyc\mvnRepository\com\zaxxer\HikariCP\3.2.0\HikariCP-3.2.0.jar;H:\devHyc\mvnRepository\org\springframework\spring-jdbc\5.1.6.RELEASE\spring-jdbc-5.1.6.RELEASE.jar;H:\devHyc\mvnRepository\com\alibaba\druid\1.1.12\druid-1.1.12.jar;H:\devHyc\mvnRepository\com\alibaba\fastjson\1.2.56\fastjson-1.2.56.jar;H:\devHyc\mvnRepository\org\springframework\boot\spring-boot-starter-aop\2.1.4.RELEASE\spring-boot-starter-aop-2.1.4.RELEASE.jar;H:\devHyc\mvnRepository\org\aspectj\aspectjweaver\1.9.2\aspectjweaver-1.9.2.jar;H:\devHyc\mvnRepository\com\mohism\pudding\kernel-jwt\0.0.1\kernel-jwt-0.0.1.jar;H:\devHyc\mvnRepository\io\jsonwebtoken\jjwt\0.9.1\jjwt-0.9.1.jar;H:\devHyc\mvnRepository\com\mohism\pudding\kernel-scanner\0.0.1\kernel-scanner-0.0.1.jar;H:\devHyc\mvnRepository\com\mohism\pudding\kernel-validator\0.0.1\kernel-validator-0.0.1.jar;H:\devHyc\mvnRepository\cn\stylefeng\roses\kernel-model\1.2.2\kernel-model-1.2.2.jar;H:\devHyc\mvnRepository\org\springframework\boot\spring-boot-starter\2.1.4.RELEASE\spring-boot-starter-2.1.4.RELEASE.jar;H:\devHyc\mvnRepository\org\springframework\boot\spring-boot\2.1.4.RELEASE\spring-boot-2.1.4.RELEASE.jar;H:\devHyc\mvnRepository\org\springframework\boot\spring-boot-starter-logging\2.1.4.RELEASE\spring-boot-starter-logging-2.1.4.RELEASE.jar;H:\devHyc\mvnRepository\ch\qos\logback\logback-classic\1.2.3\logback-classic-1.2.3.jar;H:\devHyc\mvnRepository\ch\qos\logback\logback-core\1.2.3\logback-core-1.2.3.jar;H:\devHyc\mvnRepository\org\apache\logging\log4j\log4j-to-slf4j\2.11.2\log4j-to-slf4j-2.11.2.jar;H:\devHyc\mvnRepository\org\apache\logging\log4j\log4j-api\2.11.2\log4j-api-2.11.2.jar;H:\devHyc\mvnRepository\org\slf4j\jul-to-slf4j\1.7.26\jul-to-slf4j-1.7.26.jar;H:\devHyc\mvnRepository\javax\annotation\javax.annotation-api\1.3.2\javax.annotation-api-1.3.2.jar;H:\devHyc\mvnRepository\org\yaml\snakeyaml\1.23\snakeyaml-1.23.jar;H:\devHyc\mvnRepository\org\projectlombok\lombok\1.18.6\lombok-1.18.6.jar;H:\devHyc\mvnRepository\com\mohism\pudding\base-file-server\0.0.1\base-file-server-0.0.1.jar;H:\devHyc\mvnRepository\com\aliyun\oss\aliyun-sdk-oss\3.1.0\aliyun-sdk-oss-3.1.0.jar;H:\devHyc\mvnRepository\org\apache\httpcomponents\httpclient\4.5.8\httpclient-4.5.8.jar;H:\devHyc\mvnRepository\org\apache\httpcomponents\httpcore\4.4.11\httpcore-4.4.11.jar;H:\devHyc\mvnRepository\commons-codec\commons-codec\1.11\commons-codec-1.11.jar;H:\devHyc\mvnRepository\org\jdom\jdom\1.1\jdom-1.1.jar;H:\devHyc\mvnRepository\com\sun\jersey\jersey-json\1.9\jersey-json-1.9.jar;H:\devHyc\mvnRepository\com\sun\xml\bind\jaxb-impl\2.2.3-1\jaxb-impl-2.2.3-1.jar;H:\devHyc\mvnRepository\javax\xml\bind\jaxb-api\2.3.1\jaxb-api-2.3.1.jar;H:\devHyc\mvnRepository\javax\activation\javax.activation-api\1.2.0\javax.activation-api-1.2.0.jar;H:\devHyc\mvnRepository\org\codehaus\jackson\jackson-core-asl\1.8.3\jackson-core-asl-1.8.3.jar;H:\devHyc\mvnRepository\org\codehaus\jackson\jackson-mapper-asl\1.8.3\jackson-mapper-asl-1.8.3.jar;H:\devHyc\mvnRepository\org\codehaus\jackson\jackson-jaxrs\1.8.3\jackson-jaxrs-1.8.3.jar;H:\devHyc\mvnRepository\org\codehaus\jackson\jackson-xc\1.8.3\jackson-xc-1.8.3.jar;H:\devHyc\mvnRepository\com\aliyun\aliyun-java-sdk-core\3.4.0\aliyun-java-sdk-core-3.4.0.jar;H:\devHyc\mvnRepository\org\json\json\20170516\json-20170516.jar;H:\devHyc\mvnRepository\com\aliyun\aliyun-java-sdk-ram\3.0.0\aliyun-java-sdk-ram-3.0.0.jar;H:\devHyc\mvnRepository\com\aliyun\aliyun-java-sdk-sts\3.0.0\aliyun-java-sdk-sts-3.0.0.jar;H:\devHyc\mvnRepository\com\aliyun\aliyun-java-sdk-ecs\4.2.0\aliyun-java-sdk-ecs-4.2.0.jar;H:\devHyc\mvnRepository\com\mohism\pudding\base-dict-interface\0.0.1\base-dict-interface-0.0.1.jar;H:\devHyc\mvnRepository\com\mohism\pudding\base-file-interface\0.0.1\base-file-interface-0.0.1.jar;H:\devHyc\mvnRepository\com\baomidou\mybatis-plus-annotation\3.1.0\mybatis-plus-annotation-3.1.0.jar;H:\devHyc\mvnRepository\com\mohism\pudding\base-dict-server\0.0.1\base-dict-server-0.0.1.jar;H:\devHyc\mvnRepository\com\mohism\pudding\base-log-server\0.0.1\base-log-server-0.0.1.jar;H:\devHyc\mvnRepository\com\mohism\pudding\kernel-logger\0.0.1\kernel-logger-0.0.1.jar;H:\devHyc\mvnRepository\com\mohism\pudding\base-log-interface\0.0.1\base-log-interface-0.0.1.jar;H:\devHyc\mvnRepository\org\springframework\boot\spring-boot-starter-data-redis\2.1.4.RELEASE\spring-boot-starter-data-redis-2.1.4.RELEASE.jar;H:\devHyc\mvnRepository\org\springframework\data\spring-data-redis\2.1.6.RELEASE\spring-data-redis-2.1.6.RELEASE.jar;H:\devHyc\mvnRepository\org\springframework\data\spring-data-keyvalue\2.1.6.RELEASE\spring-data-keyvalue-2.1.6.RELEASE.jar;H:\devHyc\mvnRepository\org\springframework\data\spring-data-commons\2.1.6.RELEASE\spring-data-commons-2.1.6.RELEASE.jar;H:\devHyc\mvnRepository\org\springframework\spring-tx\5.1.6.RELEASE\spring-tx-5.1.6.RELEASE.jar;H:\devHyc\mvnRepository\org\springframework\spring-oxm\5.1.6.RELEASE\spring-oxm-5.1.6.RELEASE.jar;H:\devHyc\mvnRepository\org\springframework\spring-context-support\5.1.6.RELEASE\spring-context-support-5.1.6.RELEASE.jar;H:\devHyc\mvnRepository\org\slf4j\slf4j-api\1.7.26\slf4j-api-1.7.26.jar;H:\devHyc\mvnRepository\io\lettuce\lettuce-core\5.1.6.RELEASE\lettuce-core-5.1.6.RELEASE.jar;H:\devHyc\mvnRepository\io\netty\netty-common\4.1.34.Final\netty-common-4.1.34.Final.jar;H:\devHyc\mvnRepository\io\netty\netty-handler\4.1.34.Final\netty-handler-4.1.34.Final.jar;H:\devHyc\mvnRepository\io\netty\netty-buffer\4.1.34.Final\netty-buffer-4.1.34.Final.jar;H:\devHyc\mvnRepository\io\netty\netty-codec\4.1.34.Final\netty-codec-4.1.34.Final.jar;H:\devHyc\mvnRepository\io\netty\netty-transport\4.1.34.Final\netty-transport-4.1.34.Final.jar;H:\devHyc\mvnRepository\io\netty\netty-resolver\4.1.34.Final\netty-resolver-4.1.34.Final.jar;H:\devHyc\mvnRepository\io\projectreactor\reactor-core\3.2.8.RELEASE\reactor-core-3.2.8.RELEASE.jar;H:\devHyc\mvnRepository\org\springframework\boot\spring-boot-starter-web\2.1.4.RELEASE\spring-boot-starter-web-2.1.4.RELEASE.jar;H:\devHyc\mvnRepository\org\springframework\boot\spring-boot-starter-json\2.1.4.RELEASE\spring-boot-starter-json-2.1.4.RELEASE.jar;H:\devHyc\mvnRepository\com\fasterxml\jackson\datatype\jackson-datatype-jdk8\2.9.8\jackson-datatype-jdk8-2.9.8.jar;H:\devHyc\mvnRepository\com\fasterxml\jackson\datatype\jackson-datatype-jsr310\2.9.8\jackson-datatype-jsr310-2.9.8.jar;H:\devHyc\mvnRepository\com\fasterxml\jackson\module\jackson-module-parameter-names\2.9.8\jackson-module-parameter-names-2.9.8.jar;H:\devHyc\mvnRepository\org\springframework\boot\spring-boot-starter-tomcat\2.1.4.RELEASE\spring-boot-starter-tomcat-2.1.4.RELEASE.jar;H:\devHyc\mvnRepository\org\apache\tomcat\embed\tomcat-embed-core\9.0.17\tomcat-embed-core-9.0.17.jar;H:\devHyc\mvnRepository\org\apache\tomcat\embed\tomcat-embed-el\9.0.17\tomcat-embed-el-9.0.17.jar;H:\devHyc\mvnRepository\org\apache\tomcat\embed\tomcat-embed-websocket\9.0.17\tomcat-embed-websocket-9.0.17.jar;H:\devHyc\mvnRepository\org\hibernate\validator\hibernate-validator\6.0.16.Final\hibernate-validator-6.0.16.Final.jar;H:\devHyc\mvnRepository\javax\validation\validation-api\2.0.1.Final\validation-api-2.0.1.Final.jar;H:\devHyc\mvnRepository\org\jboss\logging\jboss-logging\3.3.2.Final\jboss-logging-3.3.2.Final.jar;H:\devHyc\mvnRepository\com\fasterxml\classmate\1.4.0\classmate-1.4.0.jar;H:\devHyc\mvnRepository\org\springframework\spring-web\5.1.6.RELEASE\spring-web-5.1.6.RELEASE.jar;H:\devHyc\mvnRepository\org\springframework\spring-beans\5.1.6.RELEASE\spring-beans-5.1.6.RELEASE.jar;H:\devHyc\mvnRepository\org\springframework\spring-webmvc\5.1.6.RELEASE\spring-webmvc-5.1.6.RELEASE.jar;H:\devHyc\mvnRepository\org\springframework\spring-context\5.1.6.RELEASE\spring-context-5.1.6.RELEASE.jar;H:\devHyc\mvnRepository\org\springframework\spring-expression\5.1.6.RELEASE\spring-expression-5.1.6.RELEASE.jar;H:\devHyc\mvnRepository\org\springframework\cloud\spring-cloud-starter-netflix-eureka-client\2.0.0.RELEASE\spring-cloud-starter-netflix-eureka-client-2.0.0.RELEASE.jar;H:\devHyc\mvnRepository\org\springframework\cloud\spring-cloud-starter\2.0.0.RELEASE\spring-cloud-starter-2.0.0.RELEASE.jar;H:\devHyc\mvnRepository\org\springframework\cloud\spring-cloud-context\2.0.0.RELEASE\spring-cloud-context-2.0.0.RELEASE.jar;H:\devHyc\mvnRepository\org\springframework\security\spring-security-rsa\1.0.5.RELEASE\spring-security-rsa-1.0.5.RELEASE.jar;H:\devHyc\mvnRepository\org\bouncycastle\bcpkix-jdk15on\1.56\bcpkix-jdk15on-1.56.jar;H:\devHyc\mvnRepository\org\bouncycastle\bcprov-jdk15on\1.56\bcprov-jdk15on-1.56.jar;H:\devHyc\mvnRepository\org\springframework\cloud\spring-cloud-netflix-core\2.0.0.RELEASE\spring-cloud-netflix-core-2.0.0.RELEASE.jar;H:\devHyc\mvnRepository\org\springframework\cloud\spring-cloud-netflix-eureka-client\2.0.0.RELEASE\spring-cloud-netflix-eureka-client-2.0.0.RELEASE.jar;H:\devHyc\mvnRepository\com\netflix\eureka\eureka-client\1.9.2\eureka-client-1.9.2.jar;H:\devHyc\mvnRepository\org\codehaus\jettison\jettison\1.3.7\jettison-1.3.7.jar;H:\devHyc\mvnRepository\stax\stax-api\1.0.1\stax-api-1.0.1.jar;H:\devHyc\mvnRepository\com\netflix\netflix-commons\netflix-eventbus\0.3.0\netflix-eventbus-0.3.0.jar;H:\devHyc\mvnRepository\com\netflix\netflix-commons\netflix-infix\0.3.0\netflix-infix-0.3.0.jar;H:\devHyc\mvnRepository\commons-jxpath\commons-jxpath\1.3\commons-jxpath-1.3.jar;H:\devHyc\mvnRepository\joda-time\joda-time\2.10.1\joda-time-2.10.1.jar;H:\devHyc\mvnRepository\org\antlr\antlr-runtime\3.4\antlr-runtime-3.4.jar;H:\devHyc\mvnRepository\org\antlr\stringtemplate\3.2.1\stringtemplate-3.2.1.jar;H:\devHyc\mvnRepository\antlr\antlr\2.7.7\antlr-2.7.7.jar;H:\devHyc\mvnRepository\com\google\code\gson\gson\2.8.5\gson-2.8.5.jar;H:\devHyc\mvnRepository\org\apache\commons\commons-math\2.2\commons-math-2.2.jar;H:\devHyc\mvnRepository\com\netflix\archaius\archaius-core\0.7.6\archaius-core-0.7.6.jar;H:\devHyc\mvnRepository\javax\ws\rs\jsr311-api\1.1.1\jsr311-api-1.1.1.jar;H:\devHyc\mvnRepository\com\netflix\servo\servo-core\0.12.21\servo-core-0.12.21.jar;H:\devHyc\mvnRepository\com\sun\jersey\jersey-core\1.19.1\jersey-core-1.19.1.jar;H:\devHyc\mvnRepository\com\sun\jersey\jersey-client\1.19.1\jersey-client-1.19.1.jar;H:\devHyc\mvnRepository\com\sun\jersey\contribs\jersey-apache-client4\1.19.1\jersey-apache-client4-1.19.1.jar;H:\devHyc\mvnRepository\com\google\inject\guice\4.1.0\guice-4.1.0.jar;H:\devHyc\mvnRepository\javax\inject\javax.inject\1\javax.inject-1.jar;H:\devHyc\mvnRepository\aopalliance\aopalliance\1.0\aopalliance-1.0.jar;H:\devHyc\mvnRepository\com\github\vlsi\compactmap\compactmap\1.2.1\compactmap-1.2.1.jar;H:\devHyc\mvnRepository\com\github\andrewoma\dexx\dexx-collections\0.2\dexx-collections-0.2.jar;H:\devHyc\mvnRepository\com\fasterxml\jackson\core\jackson-annotations\2.9.0\jackson-annotations-2.9.0.jar;H:\devHyc\mvnRepository\com\fasterxml\jackson\core\jackson-core\2.9.8\jackson-core-2.9.8.jar;H:\devHyc\mvnRepository\com\netflix\eureka\eureka-core\1.9.2\eureka-core-1.9.2.jar;H:\devHyc\mvnRepository\org\codehaus\woodstox\woodstox-core-asl\4.4.1\woodstox-core-asl-4.4.1.jar;H:\devHyc\mvnRepository\javax\xml\stream\stax-api\1.0-2\stax-api-1.0-2.jar;H:\devHyc\mvnRepository\org\codehaus\woodstox\stax2-api\3.1.4\stax2-api-3.1.4.jar;H:\devHyc\mvnRepository\org\springframework\cloud\spring-cloud-starter-netflix-archaius\2.0.0.RELEASE\spring-cloud-starter-netflix-archaius-2.0.0.RELEASE.jar;H:\devHyc\mvnRepository\org\springframework\cloud\spring-cloud-netflix-archaius\2.0.0.RELEASE\spring-cloud-netflix-archaius-2.0.0.RELEASE.jar;H:\devHyc\mvnRepository\commons-configuration\commons-configuration\1.8\commons-configuration-1.8.jar;H:\devHyc\mvnRepository\commons-lang\commons-lang\2.6\commons-lang-2.6.jar;H:\devHyc\mvnRepository\org\springframework\cloud\spring-cloud-starter-netflix-ribbon\2.0.0.RELEASE\spring-cloud-starter-netflix-ribbon-2.0.0.RELEASE.jar;H:\devHyc\mvnRepository\com\netflix\ribbon\ribbon\2.2.5\ribbon-2.2.5.jar;H:\devHyc\mvnRepository\com\netflix\ribbon\ribbon-transport\2.2.5\ribbon-transport-2.2.5.jar;H:\devHyc\mvnRepository\io\reactivex\rxnetty-contexts\0.4.9\rxnetty-contexts-0.4.9.jar;H:\devHyc\mvnRepository\io\reactivex\rxnetty-servo\0.4.9\rxnetty-servo-0.4.9.jar;H:\devHyc\mvnRepository\io\reactivex\rxnetty\0.4.9\rxnetty-0.4.9.jar;H:\devHyc\mvnRepository\io\netty\netty-codec-http\4.1.34.Final\netty-codec-http-4.1.34.Final.jar;H:\devHyc\mvnRepository\io\netty\netty-transport-native-epoll\4.1.34.Final\netty-transport-native-epoll-4.1.34.Final.jar;H:\devHyc\mvnRepository\io\netty\netty-transport-native-unix-common\4.1.34.Final\netty-transport-native-unix-common-4.1.34.Final.jar;H:\devHyc\mvnRepository\com\netflix\ribbon\ribbon-core\2.2.5\ribbon-core-2.2.5.jar;H:\devHyc\mvnRepository\com\netflix\ribbon\ribbon-httpclient\2.2.5\ribbon-httpclient-2.2.5.jar;H:\devHyc\mvnRepository\commons-collections\commons-collections\3.2.2\commons-collections-3.2.2.jar;H:\devHyc\mvnRepository\com\netflix\netflix-commons\netflix-commons-util\0.3.0\netflix-commons-util-0.3.0.jar;H:\devHyc\mvnRepository\com\netflix\ribbon\ribbon-loadbalancer\2.2.5\ribbon-loadbalancer-2.2.5.jar;H:\devHyc\mvnRepository\com\netflix\netflix-commons\netflix-statistics\0.1.1\netflix-statistics-0.1.1.jar;H:\devHyc\mvnRepository\io\reactivex\rxjava\1.3.8\rxjava-1.3.8.jar;H:\devHyc\mvnRepository\com\netflix\ribbon\ribbon-eureka\2.2.5\ribbon-eureka-2.2.5.jar;H:\devHyc\mvnRepository\com\thoughtworks\xstream\xstream\1.4.10\xstream-1.4.10.jar;H:\devHyc\mvnRepository\xmlpull\xmlpull\1.1.3.1\xmlpull-1.1.3.1.jar;H:\devHyc\mvnRepository\xpp3\xpp3_min\1.1.4c\xpp3_min-1.1.4c.jar;H:\devHyc\mvnRepository\org\springframework\cloud\spring-cloud-starter-openfeign\2.0.0.RELEASE\spring-cloud-starter-openfeign-2.0.0.RELEASE.jar;H:\devHyc\mvnRepository\org\springframework\cloud\spring-cloud-openfeign-core\2.0.0.RELEASE\spring-cloud-openfeign-core-2.0.0.RELEASE.jar;H:\devHyc\mvnRepository\org\springframework\cloud\spring-cloud-commons\2.0.0.RELEASE\spring-cloud-commons-2.0.0.RELEASE.jar;H:\devHyc\mvnRepository\org\springframework\security\spring-security-crypto\5.1.5.RELEASE\spring-security-crypto-5.1.5.RELEASE.jar;H:\devHyc\mvnRepository\io\github\openfeign\feign-core\9.5.1\feign-core-9.5.1.jar;H:\devHyc\mvnRepository\io\github\openfeign\feign-slf4j\9.5.1\feign-slf4j-9.5.1.jar;H:\devHyc\mvnRepository\io\github\openfeign\feign-hystrix\9.5.1\feign-hystrix-9.5.1.jar;H:\devHyc\mvnRepository\io\github\openfeign\feign-java8\9.5.1\feign-java8-9.5.1.jar;H:\devHyc\mvnRepository\org\springframework\cloud\spring-cloud-starter-netflix-hystrix\2.0.0.RELEASE\spring-cloud-starter-netflix-hystrix-2.0.0.RELEASE.jar;H:\devHyc\mvnRepository\org\springframework\cloud\spring-cloud-netflix-ribbon\2.0.0.RELEASE\spring-cloud-netflix-ribbon-2.0.0.RELEASE.jar;H:\devHyc\mvnRepository\com\netflix\hystrix\hystrix-core\1.5.12\hystrix-core-1.5.12.jar;H:\devHyc\mvnRepository\org\hdrhistogram\HdrHistogram\2.1.9\HdrHistogram-2.1.9.jar;H:\devHyc\mvnRepository\com\netflix\hystrix\hystrix-serialization\1.5.12\hystrix-serialization-1.5.12.jar;H:\devHyc\mvnRepository\com\fasterxml\jackson\module\jackson-module-afterburner\2.9.8\jackson-module-afterburner-2.9.8.jar;H:\devHyc\mvnRepository\com\netflix\hystrix\hystrix-metrics-event-stream\1.5.12\hystrix-metrics-event-stream-1.5.12.jar;H:\devHyc\mvnRepository\com\netflix\hystrix\hystrix-javanica\1.5.12\hystrix-javanica-1.5.12.jar;H:\devHyc\mvnRepository\org\apache\commons\commons-lang3\3.8.1\commons-lang3-3.8.1.jar;H:\devHyc\mvnRepository\org\ow2\asm\asm\5.0.4\asm-5.0.4.jar;H:\devHyc\mvnRepository\com\google\guava\guava\15.0\guava-15.0.jar;H:\devHyc\mvnRepository\io\reactivex\rxjava-reactive-streams\1.2.1\rxjava-reactive-streams-1.2.1.jar;H:\devHyc\mvnRepository\org\reactivestreams\reactive-streams\1.0.2\reactive-streams-1.0.2.jar;H:\devHyc\mvnRepository\org\springframework\cloud\spring-cloud-starter-config\2.0.0.RELEASE\spring-cloud-starter-config-2.0.0.RELEASE.jar;H:\devHyc\mvnRepository\org\springframework\cloud\spring-cloud-config-client\2.0.0.RELEASE\spring-cloud-config-client-2.0.0.RELEASE.jar;H:\devHyc\mvnRepository\com\fasterxml\jackson\core\jackson-databind\2.9.8\jackson-databind-2.9.8.jar;H:\devHyc\mvnRepository\org\springframework\boot\spring-boot-starter-test\2.1.4.RELEASE\spring-boot-starter-test-2.1.4.RELEASE.jar;H:\devHyc\mvnRepository\org\springframework\boot\spring-boot-test\2.1.4.RELEASE\spring-boot-test-2.1.4.RELEASE.jar;H:\devHyc\mvnRepository\org\springframework\boot\spring-boot-test-autoconfigure\2.1.4.RELEASE\spring-boot-test-autoconfigure-2.1.4.RELEASE.jar;H:\devHyc\mvnRepository\com\jayway\jsonpath\json-path\2.4.0\json-path-2.4.0.jar;H:\devHyc\mvnRepository\net\minidev\json-smart\2.3\json-smart-2.3.jar;H:\devHyc\mvnRepository\net\minidev\accessors-smart\1.2\accessors-smart-1.2.jar;H:\devHyc\mvnRepository\junit\junit\4.12\junit-4.12.jar;H:\devHyc\mvnRepository\org\assertj\assertj-core\3.11.1\assertj-core-3.11.1.jar;H:\devHyc\mvnRepository\org\mockito\mockito-core\2.23.4\mockito-core-2.23.4.jar;H:\devHyc\mvnRepository\net\bytebuddy\byte-buddy\1.9.12\byte-buddy-1.9.12.jar;H:\devHyc\mvnRepository\net\bytebuddy\byte-buddy-agent\1.9.12\byte-buddy-agent-1.9.12.jar;H:\devHyc\mvnRepository\org\objenesis\objenesis\2.6\objenesis-2.6.jar;H:\devHyc\mvnRepository\org\hamcrest\hamcrest-core\1.3\hamcrest-core-1.3.jar;H:\devHyc\mvnRepository\org\hamcrest\hamcrest-library\1.3\hamcrest-library-1.3.jar;H:\devHyc\mvnRepository\org\skyscreamer\jsonassert\1.5.0\jsonassert-1.5.0.jar;H:\devHyc\mvnRepository\com\vaadin\external\google\android-json\0.0.20131108.vaadin1\android-json-0.0.20131108.vaadin1.jar;H:\devHyc\mvnRepository\org\springframework\spring-core\5.1.6.RELEASE\spring-core-5.1.6.RELEASE.jar;H:\devHyc\mvnRepository\org\springframework\spring-jcl\5.1.6.RELEASE\spring-jcl-5.1.6.RELEASE.jar;H:\devHyc\mvnRepository\org\springframework\spring-test\5.1.6.RELEASE\spring-test-5.1.6.RELEASE.jar;H:\devHyc\mvnRepository\org\xmlunit\xmlunit-core\2.6.2\xmlunit-core-2.6.2.jar;"/>
    <property name="sun.cpu.endian" value="little"/>
    <property name="user.home" value="C:\Users\Lenovo"/>
    <property name="user.language" value="zh"/>
    <property name="java.specification.vendor" value="Oracle Corporation"/>
    <property name="java.home" value="D:\devHYC\JDK\jdk18\jre"/>
    <property name="basedir" value="H:\devHyc\workspace\pudding-system\pudding-system-web"/>
    <property name="file.separator" value="\"/>
    <property name="line.separator" value="&#10;"/>
    <property name="java.vm.specification.vendor" value="Oracle Corporation"/>
    <property name="java.specification.name" value="Java Platform API Specification"/>
    <property name="java.awt.graphicsenv" value="sun.awt.Win32GraphicsEnvironment"/>
    <property name="surefire.real.class.path" value="C:\Users\Lenovo\AppData\Local\Temp\surefire3049758961911868848\surefirebooter3504968492874205129.jar"/>
    <property name="sun.boot.class.path" value="D:\devHYC\JDK\jdk18\jre\lib\resources.jar;D:\devHYC\JDK\jdk18\jre\lib\rt.jar;D:\devHYC\JDK\jdk18\jre\lib\sunrsasign.jar;D:\devHYC\JDK\jdk18\jre\lib\jsse.jar;D:\devHYC\JDK\jdk18\jre\lib\jce.jar;D:\devHYC\JDK\jdk18\jre\lib\charsets.jar;D:\devHYC\JDK\jdk18\jre\lib\jfr.jar;D:\devHYC\JDK\jdk18\jre\classes"/>
    <property name="user.script" value=""/>
    <property name="sun.management.compiler" value="HotSpot 64-Bit Tiered Compilers"/>
    <property name="java.runtime.version" value="1.8.0_181-b13"/>
    <property name="user.name" value="Lenovo"/>
    <property name="path.separator" value=";"/>
    <property name="os.version" value="10.0"/>
    <property name="java.endorsed.dirs" value="D:\devHYC\JDK\jdk18\jre\lib\endorsed"/>
    <property name="java.runtime.name" value="Java(TM) SE Runtime Environment"/>
    <property name="file.encoding" value="GBK"/>
    <property name="java.vm.name" value="Java HotSpot(TM) 64-Bit Server VM"/>
    <property name="localRepository" value="H:\devHyc\mvnRepository"/>
    <property name="java.vendor.url.bug" value="http://bugreport.sun.com/bugreport/"/>
    <property name="java.io.tmpdir" value="C:\Users\Lenovo\AppData\Local\Temp\"/>
    <property name="java.version" value="1.8.0_181"/>
    <property name="user.dir" value="H:\devHyc\workspace\pudding-system\pudding-system-web"/>
    <property name="os.arch" value="amd64"/>
    <property name="java.vm.specification.name" value="Java Virtual Machine Specification"/>
    <property name="java.awt.printerjob" value="sun.awt.windows.WPrinterJob"/>
    <property name="sun.os.patch.level" value=""/>
    <property name="idea.version2019.1.1" value="true"/>
    <property name="java.library.path" value="D:\devHYC\JDK\jdk18\jre\bin;C:\WINDOWS\Sun\Java\bin;C:\WINDOWS\system32;C:\WINDOWS;F:\software\xshell\Xshell 6\;C:\Program Files (x86)\Common Files\Oracle\Java\javapath;C:\Program Files (x86)\Intel\iCLS Client\;C:\Program Files\Intel\iCLS Client\;C:\WINDOWS\system32;C:\WINDOWS;C:\WINDOWS\System32\Wbem;C:\WINDOWS\System32\WindowsPowerShell\v1.0\;C:\Program Files (x86)\Intel\Intel(R) Management Engine Components\DAL;C:\Program Files\Intel\Intel(R) Management Engine Components\DAL;C:\Program Files (x86)\Intel\Intel(R) Management Engine Components\IPT;C:\Program Files\Intel\Intel(R) Management Engine Components\IPT;D:\devHYC\JDK\jdk18\bin;D:\devHYC\JDK\jdk18\jre\bin;D:\devHYC\IDE\maven\apache-maven-3.3.9\bin;D:\devHYC\devTools\svn\bin;D:\devHYC\dataBase\mysql-5.7.21\bin;C:\WINDOWS\System32\OpenSSH\;D:\devHYC\vcs\Git\cmd;F:\software\nodejs\;D:\devHYC\SDK\Go\bin;C:\Users\Lenovo\AppData\Local\Microsoft\WindowsApps;C:\Users\Lenovo\AppData\Roaming\npm;C:\Users\Lenovo\go\bin;."/>
    <property name="java.vm.info" value="mixed mode"/>
    <property name="java.vendor" value="Oracle Corporation"/>
    <property name="java.vm.version" value="25.181-b13"/>
    <property name="java.ext.dirs" value="D:\devHYC\JDK\jdk18\jre\lib\ext;C:\WINDOWS\Sun\Java\lib\ext"/>
    <property name="sun.io.unicode.encoding" value="UnicodeLittle"/>
    <property name="java.class.version" value="52.0"/>
  </properties>
  <testcase name="shouldAnswerWithTrue" classname="com.mohism.pudding.AppTest" time="0"/>
</testsuite>